2022-10-25 10:40:06,247:WARNING:
'cuml' is a soft dependency and not included in the pycaret installation. Please run: `pip install cuml` to install.
2022-10-25 10:40:06,247:WARNING:
'cuml' is a soft dependency and not included in the pycaret installation. Please run: `pip install cuml` to install.
2022-10-25 10:40:06,247:WARNING:
'cuml' is a soft dependency and not included in the pycaret installation. Please run: `pip install cuml` to install.
2022-10-25 10:40:06,247:WARNING:
'cuml' is a soft dependency and not included in the pycaret installation. Please run: `pip install cuml` to install.
2022-10-25 10:40:09,412:WARNING:
'prophet' is a soft dependency and not included in the pycaret installation. Please run: `pip install prophet` to install.
2022-10-25 10:40:11,560:INFO:Initializing load_model()
2022-10-25 10:40:11,560:INFO:load_model(model_name=app, platform=None, authentication=None, verbose=True)
2022-10-25 12:16:26,896:WARNING:
'cuml' is a soft dependency and not included in the pycaret installation. Please run: `pip install cuml` to install.
2022-10-25 12:16:26,896:WARNING:
'cuml' is a soft dependency and not included in the pycaret installation. Please run: `pip install cuml` to install.
2022-10-25 12:16:26,896:WARNING:
'cuml' is a soft dependency and not included in the pycaret installation. Please run: `pip install cuml` to install.
2022-10-25 12:16:26,896:WARNING:
'cuml' is a soft dependency and not included in the pycaret installation. Please run: `pip install cuml` to install.
2022-10-25 12:16:34,112:WARNING:
'prophet' is a soft dependency and not included in the pycaret installation. Please run: `pip install prophet` to install.
2022-10-25 12:16:38,696:INFO:Initializing load_model()
2022-10-25 12:16:38,696:INFO:load_model(model_name=app, platform=None, authentication=None, verbose=True)
2022-10-25 12:16:39,235:WARNING:C:\Users\HP\.conda\envs\venv\lib\site-packages\pycaret\internal\pipeline.py:115: UserWarning: Version mismatch:
current: {'deps_info': {'pip': '22.2.2', 'setuptools': '63.4.1', 'pycaret': '3.0.0rc4', 'IPython': '7.31.1', 'ipywidgets': '7.6.5', 'tqdm': '4.64.1', 'numpy': '1.21.5', 'pandas': '1.4.4', 'jinja2': '3.0.3', 'scipy': '1.8.1', 'joblib': '1.1.1', 'sklearn': '1.1.2', 'pyod': '1.0.6', 'imblearn': '0.9.1', 'category_encoders': '2.5.1.post0', 'lightgbm': '3.3.3', 'numba': '0.55.1', 'requests': '2.28.1', 'matplotlib': '3.5.2', 'scikitplot': '0.3.7', 'yellowbrick': '1.5', 'plotly': '5.9.0', 'kaleido': '0.2.1', 'statsmodels': '0.13.2', 'sktime': '0.13.4', 'tbats': '1.1.1', 'pmdarima': '1.8.5', 'psutil': '5.9.0'}, 'python': {'version': '3.9.13', 'machine': 'AMD64'}}
pickle: {'deps_info': {'pip': '21.2.4', 'setuptools': '60.10.0', 'pycaret': '3.0.0rc4', 'IPython': '8.2.0', 'ipywidgets': '7.6.5', 'tqdm': '4.64.0', 'numpy': '1.21.5', 'pandas': '1.4.2', 'jinja2': '2.11.3', 'scipy': '1.7.3', 'joblib': '1.1.0', 'sklearn': '1.1.2', 'pyod': '1.0.5', 'imblearn': '0.9.1', 'category_encoders': '2.5.1.post0', 'lightgbm': '3.3.3', 'numba': '0.55.1', 'requests': '2.27.1', 'matplotlib': '3.5.1', 'scikitplot': '0.3.7', 'yellowbrick': '1.5', 'plotly': '5.6.0', 'kaleido': '0.2.1', 'statsmodels': '0.13.2', 'sktime': '0.13.4', 'tbats': '1.1.1', 'pmdarima': '1.8.5', 'psutil': '5.9.3'}, 'python': {'version': '3.9.12', 'machine': 'AMD64'}}
  warnings.warn(

2022-10-30 13:47:13,052:WARNING:
'cuml' is a soft dependency and not included in the pycaret installation. Please run: `pip install cuml` to install.
2022-10-30 13:47:13,052:WARNING:
'cuml' is a soft dependency and not included in the pycaret installation. Please run: `pip install cuml` to install.
2022-10-30 13:47:13,052:WARNING:
'cuml' is a soft dependency and not included in the pycaret installation. Please run: `pip install cuml` to install.
2022-10-30 13:47:13,052:WARNING:
'cuml' is a soft dependency and not included in the pycaret installation. Please run: `pip install cuml` to install.
2022-10-30 13:47:18,517:WARNING:
'prophet' is a soft dependency and not included in the pycaret installation. Please run: `pip install prophet` to install.
2022-10-30 13:47:20,441:INFO:Initializing load_model()
2022-10-30 13:47:20,441:INFO:load_model(model_name=app, platform=None, authentication=None, verbose=True)
2022-10-30 13:47:20,455:WARNING:C:\Users\HP\OneDrive\Desktop\Bike-Sharing-Demand-Prediction\venv\lib\site-packages\sklearn\base.py:329: UserWarning: Trying to unpickle estimator SimpleImputer from version 1.1.2 when using version 1.1.3. This might lead to breaking code or invalid results. Use at your own risk. For more info please refer to:
https://scikit-learn.org/stable/model_persistence.html#security-maintainability-limitations
  warnings.warn(

2022-10-30 13:47:20,456:WARNING:C:\Users\HP\OneDrive\Desktop\Bike-Sharing-Demand-Prediction\venv\lib\site-packages\sklearn\base.py:329: UserWarning: Trying to unpickle estimator VarianceThreshold from version 1.1.2 when using version 1.1.3. This might lead to breaking code or invalid results. Use at your own risk. For more info please refer to:
https://scikit-learn.org/stable/model_persistence.html#security-maintainability-limitations
  warnings.warn(

2022-10-30 13:47:21,516:WARNING:C:\Users\HP\OneDrive\Desktop\Bike-Sharing-Demand-Prediction\venv\lib\site-packages\pycaret\internal\pipeline.py:115: UserWarning: Version mismatch:
current: {'deps_info': {'pip': '22.2.2', 'setuptools': '60.10.0', 'pycaret': '3.0.0rc4', 'IPython': '8.5.0', 'ipywidgets': '8.0.2', 'tqdm': '4.64.1', 'numpy': '1.22.4', 'pandas': '1.4.4', 'jinja2': '3.1.2', 'scipy': '1.8.1', 'joblib': '1.2.0', 'sklearn': '1.1.3', 'pyod': '1.0.6', 'imblearn': '0.9.1', 'category_encoders': '2.5.1.post0', 'lightgbm': '3.3.3', 'numba': '0.55.2', 'requests': '2.28.1', 'matplotlib': '3.5.3', 'scikitplot': '0.3.7', 'yellowbrick': '1.5', 'plotly': '5.11.0', 'kaleido': '0.2.1', 'statsmodels': '0.13.2', 'sktime': '0.13.4', 'tbats': '1.1.1', 'pmdarima': '1.8.5', 'psutil': '5.9.3'}, 'python': {'version': '3.9.13', 'machine': 'AMD64'}}
pickle: {'deps_info': {'pip': '21.2.4', 'setuptools': '60.10.0', 'pycaret': '3.0.0rc4', 'IPython': '8.2.0', 'ipywidgets': '7.6.5', 'tqdm': '4.64.0', 'numpy': '1.21.5', 'pandas': '1.4.2', 'jinja2': '2.11.3', 'scipy': '1.7.3', 'joblib': '1.1.0', 'sklearn': '1.1.2', 'pyod': '1.0.5', 'imblearn': '0.9.1', 'category_encoders': '2.5.1.post0', 'lightgbm': '3.3.3', 'numba': '0.55.1', 'requests': '2.27.1', 'matplotlib': '3.5.1', 'scikitplot': '0.3.7', 'yellowbrick': '1.5', 'plotly': '5.6.0', 'kaleido': '0.2.1', 'statsmodels': '0.13.2', 'sktime': '0.13.4', 'tbats': '1.1.1', 'pmdarima': '1.8.5', 'psutil': '5.9.3'}, 'python': {'version': '3.9.12', 'machine': 'AMD64'}}
  warnings.warn(

2022-10-30 13:48:12,458:INFO:Initializing predict_model()
2022-10-30 13:48:12,459:INFO:predict_model(self=<pycaret.regression.oop.RegressionExperiment object at 0x00000237D9D0E430>, estimator=Pipeline(memory=Memory(location=C:\Users\HP\AppData\Local\Temp\joblib),
         steps=[('numerical_imputer',
                 TransformerWrapper(include=['Hour', 'Temperature', 'Humidity',
                                             'Wind_speed', 'Visibility',
                                             'Dew_point_temperature',
                                             'Solar_Radiation', 'Rainfall',
                                             'Snowfall', 'Seasons', 'Holiday',
                                             'Functioning_Day'],
                                    transformer=SimpleImputer())),
                ('categorical_imputer',
                 TransformerWrapper(include=[],
                                    transformer=SimpleImputer(fill_value='constant',
                                                              strategy='constant'))),
                ('low_variance',
                 TransformerWrapper(exclude=[],
                                    transformer=VarianceThreshold(threshold=0))),
                ('trained_model', LGBMRegressor(random_state=4872))]), probability_threshold=None, encoded_labels=False, raw_score=False, drift_report=False, round=4, verbose=True, ml_usecase=None, preprocess=True, replace_labels_in_column=<function _SupervisedExperiment.predict_model.<locals>.replace_labels_in_column at 0x00000237D9CCBA60>)
2022-10-30 13:48:12,459:INFO:Checking exceptions
2022-10-30 13:48:12,459:INFO:Preloading libraries
2022-10-30 13:48:12,459:INFO:Set up data.
2022-10-30 13:48:12,473:INFO:Set up index.
